<?xml version="1.0" encoding="UTF-8"?>
<!-- Generated by org.testng.reporters.JUnitXMLReporter -->
<testsuite ignored="3" hostname="Shivam-Sharma" failures="0" tests="2" name="Test" time="0.151" errors="0" timestamp="2024-10-03T22:35:25 IST">
  <testcase classname="grouping.GroupingMethodsInJava" name="Test2" time="0.012"/>
  <testcase classname="grouping.GroupingMethodsInJava" name="Test3" time="0.007"/>
  <testcase classname="grouping.GroupingMethodsInJava" name="test1" time="0.0">
    <ignored/>
  </testcase> <!-- test1 -->
  <testcase classname="grouping.GroupingMethodsInJava" name="test" time="0.0">
    <ignored/>
  </testcase> <!-- test -->
  <testcase classname="grouping.GroupingMethodsInJava" name="Test4" time="0.0">
    <ignored/>
  </testcase> <!-- Test4 -->
</testsuite> <!-- Test -->
