<?xml version="1.0" encoding="UTF-8"?>
<!-- Generated by org.testng.reporters.JUnitXMLReporter -->
<testsuite ignored="0" hostname="Shivam-Sharma" failures="0" tests="3" name="Default test" time="14.754" errors="0" timestamp="2024-10-12T15:31:16 IST">
  <testcase classname="dataDrivenTestingInTestNG.DataProviderInTestNg" name="login" time="1.719"/>
  <testcase classname="dataDrivenTestingInTestNG.DataProviderInTestNg" name="login" time="1.21"/>
  <testcase classname="dataDrivenTestingInTestNG.DataProviderInTestNg" name="login" time="1.38"/>
</testsuite> <!-- Default test -->
