<?xml version="1.0" encoding="UTF-8"?>
<testng-results ignored="0" total="3" passed="3" failed="0" skipped="0">
  <reporter-output>
  </reporter-output>
  <suite started-at="2024-10-12T15:31:01 IST" name="Default suite" finished-at="2024-10-12T15:31:16 IST" duration-ms="14754">
    <groups>
    </groups>
    <test started-at="2024-10-12T15:31:01 IST" name="Default test" finished-at="2024-10-12T15:31:16 IST" duration-ms="14754">
      <class name="dataDrivenTestingInTestNG.DataProviderInTestNg">
        <test-method is-config="true" signature="setup()[pri:0, instance:dataDrivenTestingInTestNG.DataProviderInTestNg@795509d9]" started-at="2024-10-12T15:31:01 IST" name="setup" finished-at="2024-10-12T15:31:08 IST" duration-ms="6750" status="PASS">
          <reporter-output>
          </reporter-output>
        </test-method> <!-- setup -->
        <test-method signature="login(java.lang.String,java.lang.String)[pri:0, instance:dataDrivenTestingInTestNG.DataProviderInTestNg@795509d9]" started-at="2024-10-12T15:31:11 IST" name="login" data-provider="db" finished-at="2024-10-12T15:31:12 IST" duration-ms="1719" status="PASS">
          <params>
            <param index="0">
              <value>
                <![CDATA[jsdmd]]>
              </value>
            </param>
            <param index="1">
              <value>
                <![CDATA[demo123]]>
              </value>
            </param>
          </params>
          <reporter-output>
          </reporter-output>
        </test-method> <!-- login -->
        <test-method signature="login(java.lang.String,java.lang.String)[pri:0, instance:dataDrivenTestingInTestNG.DataProviderInTestNg@795509d9]" started-at="2024-10-12T15:31:13 IST" name="login" data-provider="db" finished-at="2024-10-12T15:31:14 IST" duration-ms="1210" status="PASS">
          <params>
            <param index="0">
              <value>
                <![CDATA[jsi]]>
              </value>
            </param>
            <param index="1">
              <value>
                <![CDATA[deom]]>
              </value>
            </param>
          </params>
          <reporter-output>
          </reporter-output>
        </test-method> <!-- login -->
        <test-method signature="login(java.lang.String,java.lang.String)[pri:0, instance:dataDrivenTestingInTestNG.DataProviderInTestNg@795509d9]" started-at="2024-10-12T15:31:14 IST" name="login" data-provider="db" finished-at="2024-10-12T15:31:15 IST" duration-ms="1380" status="PASS">
          <params>
            <param index="0">
              <value>
                <![CDATA[jsmith]]>
              </value>
            </param>
            <param index="1">
              <value>
                <![CDATA[demo1234]]>
              </value>
            </param>
          </params>
          <reporter-output>
          </reporter-output>
        </test-method> <!-- login -->
        <test-method is-config="true" signature="tearDown()[pri:0, instance:dataDrivenTestingInTestNG.DataProviderInTestNg@795509d9]" started-at="2024-10-12T15:31:15 IST" name="tearDown" finished-at="2024-10-12T15:31:16 IST" duration-ms="495" status="PASS">
          <reporter-output>
          </reporter-output>
        </test-method> <!-- tearDown -->
      </class> <!-- dataDrivenTestingInTestNG.DataProviderInTestNg -->
    </test> <!-- Default test -->
  </suite> <!-- Default suite -->
</testng-results>
